<?xml version="1.0" encoding="UTF-8"?>
<testsuite name="TennisTest" tests="33" skipped="0" failures="0" errors="0" timestamp="2020-07-29T14:45:17" hostname="PSLL32481" time="0.007">
  <properties/>
  <testcase name="checkAllScoresTennisGame1[0]" classname="TennisTest" time="0.001"/>
  <testcase name="checkAllScoresTennisGame1[1]" classname="TennisTest" time="0.0"/>
  <testcase name="checkAllScoresTennisGame1[2]" classname="TennisTest" time="0.0"/>
  <testcase name="checkAllScoresTennisGame1[3]" classname="TennisTest" time="0.0"/>
  <testcase name="checkAllScoresTennisGame1[4]" classname="TennisTest" time="0.0"/>
  <testcase name="checkAllScoresTennisGame1[5]" classname="TennisTest" time="0.0"/>
  <testcase name="checkAllScoresTennisGame1[6]" classname="TennisTest" time="0.0"/>
  <testcase name="checkAllScoresTennisGame1[7]" classname="TennisTest" time="0.0"/>
  <testcase name="checkAllScoresTennisGame1[8]" classname="TennisTest" time="0.0"/>
  <testcase name="checkAllScoresTennisGame1[9]" classname="TennisTest" time="0.0"/>
  <testcase name="checkAllScoresTennisGame1[10]" classname="TennisTest" time="0.0"/>
  <testcase name="checkAllScoresTennisGame1[11]" classname="TennisTest" time="0.0"/>
  <testcase name="checkAllScoresTennisGame1[12]" classname="TennisTest" time="0.0"/>
  <testcase name="checkAllScoresTennisGame1[13]" classname="TennisTest" time="0.0"/>
  <testcase name="checkAllScoresTennisGame1[14]" classname="TennisTest" time="0.0"/>
  <testcase name="checkAllScoresTennisGame1[15]" classname="TennisTest" time="0.001"/>
  <testcase name="checkAllScoresTennisGame1[16]" classname="TennisTest" time="0.0"/>
  <testcase name="checkAllScoresTennisGame1[17]" classname="TennisTest" time="0.0"/>
  <testcase name="checkAllScoresTennisGame1[18]" classname="TennisTest" time="0.0"/>
  <testcase name="checkAllScoresTennisGame1[19]" classname="TennisTest" time="0.0"/>
  <testcase name="checkAllScoresTennisGame1[20]" classname="TennisTest" time="0.0"/>
  <testcase name="checkAllScoresTennisGame1[21]" classname="TennisTest" time="0.0"/>
  <testcase name="checkAllScoresTennisGame1[22]" classname="TennisTest" time="0.0"/>
  <testcase name="checkAllScoresTennisGame1[23]" classname="TennisTest" time="0.0"/>
  <testcase name="checkAllScoresTennisGame1[24]" classname="TennisTest" time="0.0"/>
  <testcase name="checkAllScoresTennisGame1[25]" classname="TennisTest" time="0.0"/>
  <testcase name="checkAllScoresTennisGame1[26]" classname="TennisTest" time="0.0"/>
  <testcase name="checkAllScoresTennisGame1[27]" classname="TennisTest" time="0.001"/>
  <testcase name="checkAllScoresTennisGame1[28]" classname="TennisTest" time="0.0"/>
  <testcase name="checkAllScoresTennisGame1[29]" classname="TennisTest" time="0.0"/>
  <testcase name="checkAllScoresTennisGame1[30]" classname="TennisTest" time="0.0"/>
  <testcase name="checkAllScoresTennisGame1[31]" classname="TennisTest" time="0.0"/>
  <testcase name="checkAllScoresTennisGame1[32]" classname="TennisTest" time="0.0"/>
  <system-out><![CDATA[]]></system-out>
  <system-err><![CDATA[]]></system-err>
</testsuite>
