<?xml version="1.0" encoding="UTF-8"?>
<testsuite name="TennisTest" tests="33" skipped="0" failures="0" errors="0" timestamp="2020-08-14T14:44:16" hostname="PSLL32481" time="0.009">
  <properties/>
  <testcase name="checkAllScoresTennisGame2[0]" classname="TennisTest" time="0.002"/>
  <testcase name="checkAllScoresTennisGame2[1]" classname="TennisTest" time="0.0"/>
  <testcase name="checkAllScoresTennisGame2[2]" classname="TennisTest" time="0.0"/>
  <testcase name="checkAllScoresTennisGame2[3]" classname="TennisTest" time="0.0"/>
  <testcase name="checkAllScoresTennisGame2[4]" classname="TennisTest" time="0.0"/>
  <testcase name="checkAllScoresTennisGame2[5]" classname="TennisTest" time="0.0"/>
  <testcase name="checkAllScoresTennisGame2[6]" classname="TennisTest" time="0.0"/>
  <testcase name="checkAllScoresTennisGame2[7]" classname="TennisTest" time="0.0"/>
  <testcase name="checkAllScoresTennisGame2[8]" classname="TennisTest" time="0.0"/>
  <testcase name="checkAllScoresTennisGame2[9]" classname="TennisTest" time="0.0"/>
  <testcase name="checkAllScoresTennisGame2[10]" classname="TennisTest" time="0.0"/>
  <testcase name="checkAllScoresTennisGame2[11]" classname="TennisTest" time="0.0"/>
  <testcase name="checkAllScoresTennisGame2[12]" classname="TennisTest" time="0.0"/>
  <testcase name="checkAllScoresTennisGame2[13]" classname="TennisTest" time="0.0"/>
  <testcase name="checkAllScoresTennisGame2[14]" classname="TennisTest" time="0.0"/>
  <testcase name="checkAllScoresTennisGame2[15]" classname="TennisTest" time="0.001"/>
  <testcase name="checkAllScoresTennisGame2[16]" classname="TennisTest" time="0.001"/>
  <testcase name="checkAllScoresTennisGame2[17]" classname="TennisTest" time="0.0"/>
  <testcase name="checkAllScoresTennisGame2[18]" classname="TennisTest" time="0.0"/>
  <testcase name="checkAllScoresTennisGame2[19]" classname="TennisTest" time="0.0"/>
  <testcase name="checkAllScoresTennisGame2[20]" classname="TennisTest" time="0.0"/>
  <testcase name="checkAllScoresTennisGame2[21]" classname="TennisTest" time="0.0"/>
  <testcase name="checkAllScoresTennisGame2[22]" classname="TennisTest" time="0.0"/>
  <testcase name="checkAllScoresTennisGame2[23]" classname="TennisTest" time="0.0"/>
  <testcase name="checkAllScoresTennisGame2[24]" classname="TennisTest" time="0.0"/>
  <testcase name="checkAllScoresTennisGame2[25]" classname="TennisTest" time="0.0"/>
  <testcase name="checkAllScoresTennisGame2[26]" classname="TennisTest" time="0.0"/>
  <testcase name="checkAllScoresTennisGame2[27]" classname="TennisTest" time="0.0"/>
  <testcase name="checkAllScoresTennisGame2[28]" classname="TennisTest" time="0.0"/>
  <testcase name="checkAllScoresTennisGame2[29]" classname="TennisTest" time="0.0"/>
  <testcase name="checkAllScoresTennisGame2[30]" classname="TennisTest" time="0.0"/>
  <testcase name="checkAllScoresTennisGame2[31]" classname="TennisTest" time="0.0"/>
  <testcase name="checkAllScoresTennisGame2[32]" classname="TennisTest" time="0.0"/>
  <system-out><![CDATA[]]></system-out>
  <system-err><![CDATA[]]></system-err>
</testsuite>
